#
# There is insufficient memory for the Java Runtime Environment to continue.
# Native memory allocation (malloc) failed to allocate 252896 bytes for Chunk::new
# Possible reasons:
#   The system is out of physical RAM or swap space
#   In 32 bit mode, the process size limit was hit
# Possible solutions:
#   Reduce memory load on the system
#   Increase physical memory or swap space
#   Check if swap backing store is full
#   Use 64 bit Java on a 64 bit OS
#   Decrease Java heap size (-Xmx/-Xms)
#   Decrease number of Java threads
#   Decrease Java thread stack sizes (-Xss)
#   Set larger code cache with -XX:ReservedCodeCacheSize=
# This output file may be truncated or incomplete.
#
#  Out of Memory Error (allocation.cpp:390), pid=107744, tid=0x0000000000017aa4
#
# JRE version: Java(TM) SE Runtime Environment (8.0_144-b01) (build 1.8.0_144-b01)
# Java VM: Java HotSpot(TM) 64-Bit Server VM (25.144-b01 mixed mode windows-amd64 compressed oops)
# Failed to write core dump. Minidumps are not enabled by default on client versions of Windows
#

---------------  T H R E A D  ---------------

Current thread (0x0000000016536800):  JavaThread "C2 CompilerThread0" daemon [_thread_in_native, id=96932, stack(0x00000000172e0000,0x00000000173e0000)]

Stack: [0x00000000172e0000,0x00000000173e0000]
[error occurred during error reporting (printing stack bounds), id 0xc0000005]

Native frames: (J=compiled Java code, j=interpreted, Vv=VM code, C=native code)


Current CompileTask:
C2:   9049  496       4       java.io.WinNTFileSystem::normalize (143 bytes)


---------------  P R O C E S S  ---------------

Java Threads: ( => current thread )
  0x0000000017c56800 JavaThread "ReaderThread" [_thread_in_native, id=110516, stack(0x0000000018450000,0x0000000018550000)]
  0x000000001659a800 JavaThread "Service Thread" daemon [_thread_blocked, id=97252, stack(0x00000000179a0000,0x0000000017aa0000)]
  0x0000000016593800 JavaThread "C1 CompilerThread2" daemon [_thread_in_native, id=110496, stack(0x0000000017700000,0x0000000017800000)]
  0x0000000016592800 JavaThread "C2 CompilerThread1" daemon [_thread_blocked, id=98324, stack(0x00000000175b0000,0x00000000176b0000)]
=>0x0000000016536800 JavaThread "C2 CompilerThread0" daemon [_thread_in_native, id=96932, stack(0x00000000172e0000,0x00000000173e0000)]
  0x0000000016529800 JavaThread "JDWP Command Reader" daemon [_thread_in_native, id=99728, stack(0x0000000017450000,0x0000000017550000)]
  0x0000000016527800 JavaThread "JDWP Event Helper Thread" daemon [_thread_blocked, id=27232, stack(0x0000000016f90000,0x0000000017090000)]
  0x0000000016523000 JavaThread "JDWP Transport Listener: dt_socket" daemon [_thread_blocked, id=28476, stack(0x0000000017180000,0x0000000017280000)]
  0x00000000151a8000 JavaThread "Attach Listener" daemon [_thread_blocked, id=109904, stack(0x00000000162f0000,0x00000000163f0000)]
  0x000000001651b800 JavaThread "Signal Dispatcher" daemon [_thread_blocked, id=110184, stack(0x00000000169e0000,0x0000000016ae0000)]
  0x000000001518b800 JavaThread "Finalizer" daemon [_thread_blocked, id=110436, stack(0x0000000016410000,0x0000000016510000)]
  0x0000000015148000 JavaThread "Reference Handler" daemon [_thread_blocked, id=110224, stack(0x0000000015fa0000,0x00000000160a0000)]
  0x00000000020eb000 JavaThread "main" [_thread_in_vm, id=110132, stack(0x00000000022c0000,0x00000000023c0000)]

Other Threads:
  0x0000000015140800 VMThread [stack: 0x0000000016150000,0x0000000016250000] [id=110396]
  0x00000000165cc000 WatcherThread [stack: 0x0000000017b50000,0x0000000017c50000] [id=96124]

VM state:not at safepoint (normal execution)

VM Mutex/Monitor currently owned by a thread:  ([mutex/lock_event])
[0x00000000020ea080] Compile_lock - owner thread: 0x00000000020eb000

Heap:
 PSYoungGen      total 18944K, used 4955K [0x00000000eb400000, 0x00000000ec900000, 0x0000000100000000)
  eden space 16384K, 14% used [0x00000000eb400000,0x00000000eb65acb8,0x00000000ec400000)
  from space 2560K, 99% used [0x00000000ec400000,0x00000000ec67c1c8,0x00000000ec680000)
  to   space 2560K, 0% used [0x00000000ec680000,0x00000000ec680000,0x00000000ec900000)
 ParOldGen       total 44032K, used 324K [0x00000000c1c00000, 0x00000000c4700000, 0x00000000eb400000)
  object space 44032K, 0% used [0x00000000c1c00000,0x00000000c1c51278,0x00000000c4700000)
 Metaspace       used 6730K, capacity 6820K, committed 7040K, reserved 1056768K
  class space    used 811K, capacity 848K, committed 896K, reserved 1048576K

Card table byte_map: [0x0000000011b30000,0x0000000011d30000] byte_map_base: 0x0000000011522000

Marking Bits: (ParMarkBitMap*) 0x000000005933d850
 Begin Bits: [0x0000000012690000, 0x0000000013620000)
 End Bits:   [0x0000000013620000, 0x00000000145b0000)

Polling page: 0x0000000000220000

CodeCache: size=245760Kb used=2481Kb max_used=2486Kb free=243278Kb
 bounds [0x0000000002770000, 0x00000000029e0000, 0x0000000011770000]
 total_blobs=795 nmethods=503 adapters=212
 compilation: enabled

Compilation events (10 events):
Event: 6.992 Thread 0x0000000016593800  501       3       java.util.zip.ZipEntry::setExtra0 (360 bytes)
Event: 7.993 Thread 0x0000000016593800 nmethod 501 0x00000000029db910 code [0x00000000029dbbc0, 0x00000000029dc908]
Event: 7.995 Thread 0x0000000016593800  502       3       org.springframework.core.annotation.AnnotationUtils::isInJavaLangAnnotationPackage (19 bytes)
Event: 7.995 Thread 0x0000000016593800 nmethod 502 0x00000000029dcf50 code [0x00000000029dd0c0, 0x00000000029dd448]
Event: 7.995 Thread 0x0000000016593800  504       3       java.util.LinkedHashMap$LinkedValueIterator::next (8 bytes)
Event: 7.995 Thread 0x0000000016593800 nmethod 504 0x00000000029dd550 code [0x00000000029dd6c0, 0x00000000029dd8c8]
Event: 7.995 Thread 0x0000000016593800  503       1       java.util.HashMap$Node::getKey (5 bytes)
Event: 7.995 Thread 0x0000000016593800 nmethod 503 0x00000000029c77d0 code [0x00000000029c7920, 0x00000000029c7a30]
Event: 7.997 Thread 0x0000000016592800  505       4       java.lang.String::substring (79 bytes)
Event: 8.004 Thread 0x0000000016593800  510   !   3       sun.misc.Resource::getBytes (242 bytes)

GC Heap History (2 events):
Event: 6.915 GC heap before
{Heap before GC invocations=1 (full 0):
 PSYoungGen      total 18944K, used 16384K [0x00000000eb400000, 0x00000000ec900000, 0x0000000100000000)
  eden space 16384K, 100% used [0x00000000eb400000,0x00000000ec400000,0x00000000ec400000)
  from space 2560K, 0% used [0x00000000ec680000,0x00000000ec680000,0x00000000ec900000)
  to   space 2560K, 0% used [0x00000000ec400000,0x00000000ec400000,0x00000000ec680000)
 ParOldGen       total 44032K, used 0K [0x00000000c1c00000, 0x00000000c4700000, 0x00000000eb400000)
  object space 44032K, 0% used [0x00000000c1c00000,0x00000000c1c00000,0x00000000c4700000)
 Metaspace       used 6522K, capacity 6660K, committed 6784K, reserved 1056768K
  class space    used 779K, capacity 816K, committed 896K, reserved 1048576K
Event: 6.937 GC heap after
Heap after GC invocations=1 (full 0):
 PSYoungGen      total 18944K, used 2544K [0x00000000eb400000, 0x00000000ec900000, 0x0000000100000000)
  eden space 16384K, 0% used [0x00000000eb400000,0x00000000eb400000,0x00000000ec400000)
  from space 2560K, 99% used [0x00000000ec400000,0x00000000ec67c1c8,0x00000000ec680000)
  to   space 2560K, 0% used [0x00000000ec680000,0x00000000ec680000,0x00000000ec900000)
 ParOldGen       total 44032K, used 324K [0x00000000c1c00000, 0x00000000c4700000, 0x00000000eb400000)
  object space 44032K, 0% used [0x00000000c1c00000,0x00000000c1c51278,0x00000000c4700000)
 Metaspace       used 6522K, capacity 6660K, committed 6784K, reserved 1056768K
  class space    used 779K, capacity 816K, committed 896K, reserved 1048576K
}

Deoptimization events (4 events):
Event: 3.556 Thread 0x00000000020eb000 Uncommon trap: reason=unstable_if action=reinterpret pc=0x000000000289354c method=java.lang.String.hashCode()I @ 14
Event: 4.731 Thread 0x00000000020eb000 Uncommon trap: reason=unstable_if action=reinterpret pc=0x000000000290bea8 method=sun.misc.URLClassPath.getLoader(I)Lsun/misc/URLClassPath$Loader; @ 36
Event: 4.969 Thread 0x00000000020eb000 Uncommon trap: reason=unstable_if action=reinterpret pc=0x000000000291741c method=sun.misc.MetaIndex.mayContain(Ljava/lang/String;)Z @ 13
Event: 6.230 Thread 0x00000000020eb000 Uncommon trap: reason=unstable_if action=reinterpret pc=0x0000000002954c48 method=java.util.zip.ZipCoder.encoder()Ljava/nio/charset/CharsetEncoder; @ 4

Internal exceptions (9 events):
Event: 0.167 Thread 0x00000000020eb000 Exception <a 'java/lang/NoSuchMethodError': Method sun.misc.Unsafe.defineClass(Ljava/lang/String;[BII)Ljava/lang/Class; name or signature does not match> (0x00000000eb407ca8) thrown at [C:\re\workspace\8-2-build-windows-amd64-cygwin\jdk8u144\9417\hotspot\
Event: 0.167 Thread 0x00000000020eb000 Exception <a 'java/lang/NoSuchMethodError': Method sun.misc.Unsafe.prefetchRead(Ljava/lang/Object;J)V name or signature does not match> (0x00000000eb407f90) thrown at [C:\re\workspace\8-2-build-windows-amd64-cygwin\jdk8u144\9417\hotspot\src\share\vm\prims
Event: 4.733 Thread 0x00000000020eb000 Exception <a 'java/security/PrivilegedActionException'> (0x00000000eb9d73d8) thrown at [C:\re\workspace\8-2-build-windows-amd64-cygwin\jdk8u144\9417\hotspot\src\share\vm\prims\jvm.cpp, line 1390]
Event: 4.733 Thread 0x00000000020eb000 Exception <a 'java/security/PrivilegedActionException'> (0x00000000eb9d77d0) thrown at [C:\re\workspace\8-2-build-windows-amd64-cygwin\jdk8u144\9417\hotspot\src\share\vm\prims\jvm.cpp, line 1390]
Event: 4.734 Thread 0x00000000020eb000 Exception <a 'java/security/PrivilegedActionException'> (0x00000000eb9db810) thrown at [C:\re\workspace\8-2-build-windows-amd64-cygwin\jdk8u144\9417\hotspot\src\share\vm\prims\jvm.cpp, line 1390]
Event: 4.735 Thread 0x00000000020eb000 Exception <a 'java/security/PrivilegedActionException'> (0x00000000eb9dbc08) thrown at [C:\re\workspace\8-2-build-windows-amd64-cygwin\jdk8u144\9417\hotspot\src\share\vm\prims\jvm.cpp, line 1390]
Event: 4.964 Thread 0x00000000020eb000 Exception <a 'java/io/FileNotFoundException'> (0x00000000ebb747d0) thrown at [C:\re\workspace\8-2-build-windows-amd64-cygwin\jdk8u144\9417\hotspot\src\share\vm\prims\jni.cpp, line 709]
Event: 5.605 Thread 0x00000000020eb000 Exception <a 'java/lang/NoSuchMethodError': org.slf4j.impl.StaticMDCBinder.getSingleton()Lorg/slf4j/impl/StaticMDCBinder;> (0x00000000ebfe9338) thrown at [C:\re\workspace\8-2-build-windows-amd64-cygwin\jdk8u144\9417\hotspot\src\share\vm\interpreter\linkRe
Event: 6.230 Thread 0x00000000020eb000 Implicit null exception at 0x0000000002954319 to 0x0000000002954c35

Events (10 events):
Event: 8.004 Thread 0x00000000020eb000 DEOPT PACKING pc=0x00000000028fa7b4 sp=0x00000000023bab40
Event: 8.004 Thread 0x00000000020eb000 DEOPT UNPACKING pc=0x00000000027b787f sp=0x00000000023ba960 mode 1
Event: 8.005 loading class org/springframework/beans/factory/Aware
Event: 8.005 loading class org/springframework/beans/factory/Aware done
Event: 8.005 Thread 0x00000000020eb000 DEOPT PACKING pc=0x0000000002938531 sp=0x00000000023b83b0
Event: 8.005 Thread 0x00000000020eb000 DEOPT UNPACKING pc=0x00000000027b787f sp=0x00000000023b8100 mode 1
Event: 8.005 Thread 0x00000000020eb000 DEOPT PACKING pc=0x00000000028faa1c sp=0x00000000023b8430
Event: 8.005 Thread 0x00000000020eb000 DEOPT UNPACKING pc=0x00000000027b787f sp=0x00000000023b8250 mode 1
Event: 8.005 Thread 0x00000000020eb000 DEOPT PACKING pc=0x00000000028fa7b4 sp=0x00000000023b85c0
Event: 8.005 Thread 0x00000000020eb000 DEOPT UNPACKING pc=0x00000000027b787f sp=0x00000000023b83e0 mode 1


Dynamic libraries:
0x000000013f5c0000 - 0x000000013f5f7000 	C:\Program Files\Java\jre1.8.0_144\bin\javaw.exe
0x0000000077ae0000 - 0x0000000077c89000 	C:\Windows\SYSTEM32\ntdll.dll
0x00000000778c0000 - 0x00000000779df000 	C:\Windows\system32\kernel32.dll
0x000007fefdba0000 - 0x000007fefdc0c000 	C:\Windows\system32\KERNELBASE.dll
0x000007fefea50000 - 0x000007fefeb2b000 	C:\Windows\system32\ADVAPI32.dll
0x000007fefe220000 - 0x000007fefe2bf000 	C:\Windows\system32\msvcrt.dll
0x000007feffaa0000 - 0x000007feffabf000 	C:\Windows\SYSTEM32\sechost.dll
0x000007fefdcd0000 - 0x000007fefddfd000 	C:\Windows\system32\RPCRT4.dll
0x00000000779e0000 - 0x0000000077ada000 	C:\Windows\system32\USER32.dll
0x000007fefdff0000 - 0x000007fefe057000 	C:\Windows\system32\GDI32.dll
0x000007fefe2c0000 - 0x000007fefe2ce000 	C:\Windows\system32\LPK.dll
0x000007fefde10000 - 0x000007fefded9000 	C:\Windows\system32\USP10.dll
0x000007fefc4a0000 - 0x000007fefc694000 	C:\Windows\WinSxS\amd64_microsoft.windows.common-controls_6595b64144ccf1df_6.0.7601.17514_none_fa396087175ac9ac\COMCTL32.dll
0x000007fefe790000 - 0x000007fefe801000 	C:\Windows\system32\SHLWAPI.dll
0x000007fefe810000 - 0x000007fefe83e000 	C:\Windows\system32\IMM32.DLL
0x000007fefdee0000 - 0x000007fefdfe9000 	C:\Windows\system32\MSCTF.dll
0x00000000501e0000 - 0x00000000502b2000 	C:\Program Files\Java\jre1.8.0_144\bin\msvcr100.dll
0x0000000058b20000 - 0x00000000593bd000 	C:\Program Files\Java\jre1.8.0_144\bin\server\jvm.dll
0x000007fef7470000 - 0x000007fef7479000 	C:\Windows\system32\WSOCK32.dll
0x000007fefe1d0000 - 0x000007fefe21d000 	C:\Windows\system32\WS2_32.dll
0x000007fefde00000 - 0x000007fefde08000 	C:\Windows\system32\NSI.dll
0x000007fefb570000 - 0x000007fefb5ab000 	C:\Windows\system32\WINMM.dll
0x000007fefc990000 - 0x000007fefc99c000 	C:\Windows\system32\VERSION.dll
0x0000000077cb0000 - 0x0000000077cb7000 	C:\Windows\system32\PSAPI.DLL
0x000000005a900000 - 0x000000005a90f000 	C:\Program Files\Java\jre1.8.0_144\bin\verify.dll
0x0000000059960000 - 0x0000000059989000 	C:\Program Files\Java\jre1.8.0_144\bin\java.dll
0x00000000503b0000 - 0x00000000503e5000 	C:\Program Files\Java\jre1.8.0_144\bin\jdwp.dll
0x0000000059990000 - 0x0000000059998000 	C:\Program Files\Java\jre1.8.0_144\bin\npt.dll
0x0000000059b50000 - 0x0000000059b66000 	C:\Program Files\Java\jre1.8.0_144\bin\zip.dll
0x000007fefeb30000 - 0x000007feff8b8000 	C:\Windows\system32\SHELL32.dll
0x000007fefe840000 - 0x000007fefea43000 	C:\Windows\system32\ole32.dll
0x000007fefd8f0000 - 0x000007fefd8ff000 	C:\Windows\system32\profapi.dll
0x0000000059a80000 - 0x0000000059a89000 	C:\Program Files\Java\jre1.8.0_144\bin\dt_socket.dll
0x000007fefb990000 - 0x000007fefb9a5000 	C:\Windows\system32\NLAapi.dll
0x000007fef7ed0000 - 0x000007fef7ee5000 	C:\Windows\system32\napinsp.dll
0x000007fef7ea0000 - 0x000007fef7eb9000 	C:\Windows\system32\pnrpnsp.dll
0x000007fefd090000 - 0x000007fefd0e5000 	C:\Windows\System32\mswsock.dll
0x000007fefcf10000 - 0x000007fefcf6b000 	C:\Windows\system32\DNSAPI.dll
0x000007fef7e90000 - 0x000007fef7e9b000 	C:\Windows\System32\winrnr.dll
0x000007fef7e80000 - 0x000007fef7e90000 	C:\Windows\system32\wshbth.dll
0x000007fefb340000 - 0x000007fefb367000 	C:\Windows\system32\IPHLPAPI.DLL
0x000007fefb330000 - 0x000007fefb33b000 	C:\Windows\system32\WINNSI.DLL
0x000007fefb160000 - 0x000007fefb1b3000 	C:\Windows\System32\fwpuclnt.dll
0x000007fef85a0000 - 0x000007fef85a8000 	C:\Windows\system32\rasadhlp.dll
0x000007fefcab0000 - 0x000007fefcab7000 	C:\Windows\System32\wshtcpip.dll
0x0000000059b30000 - 0x0000000059b4a000 	C:\Program Files\Java\jre1.8.0_144\bin\net.dll
0x000007fefd080000 - 0x000007fefd087000 	C:\Windows\System32\wship6.dll

VM Arguments:
jvm_args: -agentlib:jdwp=transport=dt_socket,suspend=y,address=localhost:51285 -ea -Dfile.encoding=Cp1252 
java_command: org.eclipse.jdt.internal.junit.runner.RemoteTestRunner -version 3 -port 51284 -testLoaderClass org.eclipse.jdt.internal.junit4.runner.JUnit4TestLoader -loaderpluginname org.eclipse.jdt.junit4.runtime -classNames com.db.awmd.challenge.AccountsServiceTest
java_class_path (initial): C:\Program Files\Java\jre1.8.0_144\lib\resources.jar;C:\Program Files\Java\jre1.8.0_144\lib\rt.jar;C:\Program Files\Java\jre1.8.0_144\lib\jsse.jar;C:\Program Files\Java\jre1.8.0_144\lib\jce.jar;C:\Program Files\Java\jre1.8.0_144\lib\charsets.jar;C:\Program Files\Java\jre1.8.0_144\lib\jfr.jar;C:\Program Files\Java\jre1.8.0_144\lib\ext\access-bridge-64.jar;C:\Program Files\Java\jre1.8.0_144\lib\ext\cldrdata.jar;C:\Program Files\Java\jre1.8.0_144\lib\ext\dnsns.jar;C:\Program Files\Java\jre1.8.0_144\lib\ext\jaccess.jar;C:\Program Files\Java\jre1.8.0_144\lib\ext\jfxrt.jar;C:\Program Files\Java\jre1.8.0_144\lib\ext\localedata.jar;C:\Program Files\Java\jre1.8.0_144\lib\ext\nashorn.jar;C:\Program Files\Java\jre1.8.0_144\lib\ext\sunec.jar;C:\Program Files\Java\jre1.8.0_144\lib\ext\sunjce_provider.jar;C:\Program Files\Java\jre1.8.0_144\lib\ext\sunmscapi.jar;C:\Program Files\Java\jre1.8.0_144\lib\ext\sunpkcs11.jar;C:\Program Files\Java\jre1.8.0_144\lib\ext\zipfs.jar;C:\Users\admin\Desktop\challenge\bin;C:\Users\admin\.gradle\caches\modules-2\files-2.1\org.springframework.boot\spring-boot-starter-web\1.5.4.RELEASE\5d6c554f34b20dffcbdfc7edf9b80956e2dace\spring-boot-starter-web-1.5.4.RELEASE.jar;C:\Users\admin\.gradle\caches\modules-2\files-2.1\org.projectlombok\lombok\1.16.16\245b50f714bf89ed7659266ace12f9e509d13551\lombok-1.16.16.jar;C:\Users\admin\.gradle\caches\modules-2\files-2.1\org.springframework.boot\spring-boot-starter\1.5.4.RELEASE\74d5aa641503ddd12833c82cc19b295f9f40e8fa\spring-boot-starter-1.5.4.RELEASE.jar;C:\Users\admin\.gradle\caches\modules-2\files-2.1\org.springframework.boot\spring-boot-starter-tomcat\1.5.4.RELEASE\d7e26f1d0e594bd1aab7da227649fc12c1958416\spring-boot-starter-tomcat-1.5.4.RELEASE.jar;C:\Users\admin\.gradle\caches\modules-2\files-2.1\org.hibernate\hibernate-validator\5.3.5.Final\622a9bcef2eed6d41b5b8e0662c36212009e375\hibernate-validator-5.3.5.Final.jar;C:\Users\admin\.gradle\caches\modules-2\files-2.1\com.fasterxml.j
Launcher Type: SUN_STANDARD

Environment Variables:
JAVA_HOME=C:\Program Files\Java\jdk1.8.0_144
PATH=C:/Program Files/Java/jre1.8.0_144/bin/server;C:/Program Files/Java/jre1.8.0_144/bin;C:/Program Files/Java/jre1.8.0_144/lib/amd64;C:\ProgramData\Oracle\Java\javapath;C:\oraclexe\app\oracle\product\10.2.0\server\bin;C:\Program Files (x86)\Intel\iCLS Client\;C:\Program Files\Intel\iCLS Client\;C:\Windows\system32;C:\Windows;C:\Windows\System32\Wbem;C:\Windows\System32\WindowsPowerShell\v1.0\;C:\Program Files\Intel\Intel(R) Management Engine Components\DAL;C:\Program Files\Intel\Intel(R) Management Engine Components\IPT;C:\Program Files (x86)\Intel\Intel(R) Management Engine Components\DAL;C:\Program Files (x86)\Intel\Intel(R) Management Engine Components\IPT;C:\Windows\system32\config\systemprofile\.dnx\bin;C:\Program Files\Microsoft DNX\Dnvm\;C:\Program Files (x86)\Microsoft SQL Server\Client SDK\ODBC\110\Tools\Binn\;C:\Program Files (x86)\Microsoft SQL Server\120\Tools\Binn\;C:\Program Files (x86)\Microsoft SQL Server\120\DTS\Binn\;C:\Program Files (x86)\Microsoft SQL Server\120\Tools\Binn\ManagementStudio\;C:\Program Files (x86)\Skype\Phone\;C:\Program Files\nodejs\;C:\Users\admin\AppData\Roaming\npm;C:\Program Files\Java\jdk1.8.0_144\bin;C:\Program Files\Apache Software Foundation\Tomcat 6.0\bin;;E:\Project\sts-bundle\sts-3.9.2.RELEASE;
USERNAME=admin
OS=Windows_NT
PROCESSOR_IDENTIFIER=Intel64 Family 6 Model 58 Stepping 9, GenuineIntel



---------------  S Y S T E M  ---------------

OS: Windows 7 , 64 bit Build 7601 (6.1.7601.18409)

CPU:total 4 (initial active 4) (2 cores per cpu, 2 threads per core) family 6 model 58 stepping 9, cmov, cx8, fxsr, mmx, sse, sse2, sse3, ssse3, sse4.1, sse4.2, popcnt, avx, clmul, erms, ht, tsc, tscinvbit, tscinv

Memory: 4k page, physical 4078956k(207888k free), swap 8172432k(6668k free)

vm_info: Java HotSpot(TM) 64-Bit Server VM (25.144-b01) for windows-amd64 JRE (1.8.0_144-b01), built on Jul 21 2017 21:57:33 by "java_re" with MS VC++ 10.0 (VS2010)

time: Sun Jan 14 15:16:34 2018
elapsed time: 9 seconds (0d 0h 0m 9s)

